2026-04-02 10:41:51.496  INFO 19740 --- [main] com.hospital.HospitalApplication         : Starting HospitalApplication using Java 1.8.0_301 on LAPTOP-2G3SGJCK with PID 19740 (C:\Users\徐凌\Desktop\实习\毕设\开发文件\hospital\hospital-backend\target\classes started by 徐凌 in C:\Users\徐凌\Desktop\实习\毕设\开发文件\hospital\hospital-backend)
2026-04-02 10:41:51.503 DEBUG 19740 --- [main] com.hospital.HospitalApplication         : Running with Spring Boot v2.7.18, Spring v5.3.31
2026-04-02 10:41:51.503  INFO 19740 --- [main] com.hospital.HospitalApplication         : No active profile set, falling back to 1 default profile: "default"
2026-04-02 10:41:52.240  INFO 19740 --- [main] .s.d.r.c.RepositoryConfigurationDelegate : Multiple Spring Data modules found, entering strict repository configuration mode
2026-04-02 10:41:52.242  INFO 19740 --- [main] .s.d.r.c.RepositoryConfigurationDelegate : Bootstrapping Spring Data Redis repositories in DEFAULT mode.
2026-04-02 10:41:52.271  INFO 19740 --- [main] .s.d.r.c.RepositoryConfigurationDelegate : Finished Spring Data repository scanning in 18 ms. Found 0 Redis repository interfaces.
2026-04-02 10:41:52.362  WARN 19740 --- [main] o.m.s.mapper.ClassPathMapperScanner      : Skipping MapperFactoryBean with name 'hosAppointmentOrderMapper' and 'com.hospital.mapper.HosAppointmentOrderMapper' mapperInterface. Bean already defined with the same name!
2026-04-02 10:41:52.362  WARN 19740 --- [main] o.m.s.mapper.ClassPathMapperScanner      : Skipping MapperFactoryBean with name 'hosDepartmentMapper' and 'com.hospital.mapper.HosDepartmentMapper' mapperInterface. Bean already defined with the same name!
2026-04-02 10:41:52.362  WARN 19740 --- [main] o.m.s.mapper.ClassPathMapperScanner      : Skipping MapperFactoryBean with name 'hosDoctorMapper' and 'com.hospital.mapper.HosDoctorMapper' mapperInterface. Bean already defined with the same name!
2026-04-02 10:41:52.362  WARN 19740 --- [main] o.m.s.mapper.ClassPathMapperScanner      : Skipping MapperFactoryBean with name 'hosNumberSourceMapper' and 'com.hospital.mapper.HosNumberSourceMapper' mapperInterface. Bean already defined with the same name!
2026-04-02 10:41:52.362  WARN 19740 --- [main] o.m.s.mapper.ClassPathMapperScanner      : Skipping MapperFactoryBean with name 'hosScheduleMapper' and 'com.hospital.mapper.HosScheduleMapper' mapperInterface. Bean already defined with the same name!
2026-04-02 10:41:52.364  WARN 19740 --- [main] o.m.s.mapper.ClassPathMapperScanner      : Skipping MapperFactoryBean with name 'sysRoleMapper' and 'com.hospital.mapper.SysRoleMapper' mapperInterface. Bean already defined with the same name!
2026-04-02 10:41:52.364  WARN 19740 --- [main] o.m.s.mapper.ClassPathMapperScanner      : Skipping MapperFactoryBean with name 'sysUserMapper' and 'com.hospital.mapper.SysUserMapper' mapperInterface. Bean already defined with the same name!
2026-04-02 10:41:52.364  WARN 19740 --- [main] o.m.s.mapper.ClassPathMapperScanner      : Skipping MapperFactoryBean with name 'sysUserRoleMapper' and 'com.hospital.mapper.SysUserRoleMapper' mapperInterface. Bean already defined with the same name!
2026-04-02 10:41:52.364  WARN 19740 --- [main] o.m.s.mapper.ClassPathMapperScanner      : No MyBatis mapper was found in '[com.hospital.mapper]' package. Please check your configuration.
2026-04-02 10:41:53.034  INFO 19740 --- [main] o.s.b.w.embedded.tomcat.TomcatWebServer  : Tomcat initialized with port(s): 8080 (http)
2026-04-02 10:41:53.041  INFO 19740 --- [main] o.apache.catalina.core.StandardService   : Starting service [Tomcat]
2026-04-02 10:41:53.041  INFO 19740 --- [main] org.apache.catalina.core.StandardEngine  : Starting Servlet engine: [Apache Tomcat/9.0.83]
2026-04-02 10:41:53.150  INFO 19740 --- [main] o.a.c.c.C.[Tomcat].[localhost].[/api]    : Initializing Spring embedded WebApplicationContext
2026-04-02 10:41:53.150  INFO 19740 --- [main] w.s.c.ServletWebServerApplicationContext : Root WebApplicationContext: initialization completed in 1613 ms
2026-04-02 10:41:53.285  INFO 19740 --- [main] c.a.d.s.b.a.DruidDataSourceAutoConfigure : Init DruidDataSource
2026-04-02 10:41:53.940  INFO 19740 --- [main] com.alibaba.druid.pool.DruidDataSource   : {dataSource-1} inited
2026-04-02 10:41:54.792 DEBUG 19740 --- [main] c.h.security.JwtAuthenticationFilter     : Filter 'jwtAuthenticationFilter' configured for use
2026-04-02 10:41:55.187  INFO 19740 --- [main] o.s.s.web.DefaultSecurityFilterChain     : Will secure any request with [org.springframework.security.web.session.DisableEncodeUrlFilter@5002fde9, org.springframework.security.web.context.request.async.WebAsyncManagerIntegrationFilter@6f96dd64, org.springframework.security.web.context.SecurityContextPersistenceFilter@2baf72d5, org.springframework.security.web.header.HeaderWriterFilter@2f04993d, org.springframework.security.web.authentication.logout.LogoutFilter@7db5b890, com.hospital.security.JwtAuthenticationFilter@a85644c, org.springframework.security.web.savedrequest.RequestCacheAwareFilter@5d14e99e, org.springframework.security.web.servletapi.SecurityContextHolderAwareRequestFilter@40d96578, org.springframework.security.web.authentication.AnonymousAuthenticationFilter@4d7cac24, org.springframework.security.web.session.SessionManagementFilter@175581eb, org.springframework.security.web.access.ExceptionTranslationFilter@165614f5, org.springframework.security.web.access.intercept.FilterSecurityInterceptor@65f3e805]
2026-04-02 10:41:55.635  INFO 19740 --- [main] o.s.b.w.embedded.tomcat.TomcatWebServer  : Tomcat started on port(s): 8080 (http) with context path '/api'
2026-04-02 10:41:55.940  INFO 19740 --- [main] com.hospital.HospitalApplication         : Started HospitalApplication in 4.743 seconds (JVM running for 5.195)
2026-04-02 10:41:56.122  INFO 19740 --- [main] com.hospital.config.PasswordInitializer  : 管理员密码已重置为: 123456
2026-04-02 10:41:56.122  INFO 19740 --- [main] com.hospital.config.PasswordInitializer  : 加密后的密码: $2a$10$2ou8HwDPuWK3TAO4fezP/eaz2XxCxdlzKtJLR/v934iVW27uEwtlq
2026-04-02 10:49:00.951  INFO 19740 --- [http-nio-8080-exec-1] o.a.c.c.C.[Tomcat].[localhost].[/api]    : Initializing Spring DispatcherServlet 'dispatcherServlet'
2026-04-02 10:49:00.952  INFO 19740 --- [http-nio-8080-exec-1] o.s.web.servlet.DispatcherServlet        : Initializing Servlet 'dispatcherServlet'
2026-04-02 10:49:00.956  INFO 19740 --- [http-nio-8080-exec-1] o.s.web.servlet.DispatcherServlet        : Completed initialization in 4 ms
2026-04-02 10:49:01.245  INFO 19740 --- [http-nio-8080-exec-3] c.hospital.service.impl.AuthServiceImpl  : 用户登录成功: admin
2026-04-02 11:05:12.450  INFO 19740 --- [http-nio-8080-exec-6] c.h.service.impl.DoctorServiceImpl       : 医生账号状态更新: doctorId=1, status=1
2026-04-02 11:05:24.103 ERROR 19740 --- [http-nio-8080-exec-9] c.h.exception.GlobalExceptionHandler     : 系统异常：

org.springframework.http.converter.HttpMessageNotReadableException: JSON parse error: Cannot deserialize value of type `java.lang.Integer` from Boolean value (token `JsonToken.VALUE_TRUE`); nested exception is com.fasterxml.jackson.databind.exc.MismatchedInputException: Cannot deserialize value of type `java.lang.Integer` from Boolean value (token `JsonToken.VALUE_TRUE`)
 at [Source: (org.springframework.util.StreamUtils$NonClosingInputStream); line: 1, column: 308] (through reference chain: com.hospital.dto.DoctorDTO["status"])
	at org.springframework.http.converter.json.AbstractJackson2HttpMessageConverter.readJavaType(AbstractJackson2HttpMessageConverter.java:391) ~[spring-web-5.3.31.jar:5.3.31]
	at org.springframework.http.converter.json.AbstractJackson2HttpMessageConverter.read(AbstractJackson2HttpMessageConverter.java:343) ~[spring-web-5.3.31.jar:5.3.31]
	at org.springframework.web.servlet.mvc.method.annotation.AbstractMessageConverterMethodArgumentResolver.readWithMessageConverters(AbstractMessageConverterMethodArgumentResolver.java:185) ~[spring-webmvc-5.3.31.jar:5.3.31]
	at org.springframework.web.servlet.mvc.method.annotation.RequestResponseBodyMethodProcessor.readWithMessageConverters(RequestResponseBodyMethodProcessor.java:160) ~[spring-webmvc-5.3.31.jar:5.3.31]
	at org.springframework.web.servlet.mvc.method.annotation.RequestResponseBodyMethodProcessor.resolveArgument(RequestResponseBodyMethodProcessor.java:133) ~[spring-webmvc-5.3.31.jar:5.3.31]
	at org.springframework.web.method.support.HandlerMethodArgumentResolverComposite.resolveArgument(HandlerMethodArgumentResolverComposite.java:122) ~[spring-web-5.3.31.jar:5.3.31]
	at org.springframework.web.method.support.InvocableHandlerMethod.getMethodArgumentValues(InvocableHandlerMethod.java:179) ~[spring-web-5.3.31.jar:5.3.31]
	at org.springframework.web.method.support.InvocableHandlerMethod.invokeForRequest(InvocableHandlerMethod.java:146) ~[spring-web-5.3.31.jar:5.3.31]
	at org.springframework.web.servlet.mvc.method.annotation.ServletInvocableHandlerMethod.invokeAndHandle(ServletInvocableHandlerMethod.java:117) ~[spring-webmvc-5.3.31.jar:5.3.31]
	at org.springframework.web.servlet.mvc.method.annotation.RequestMappingHandlerAdapter.invokeHandlerMethod(RequestMappingHandlerAdapter.java:895) ~[spring-webmvc-5.3.31.jar:5.3.31]
	at org.springframework.web.servlet.mvc.method.annotation.RequestMappingHandlerAdapter.handleInternal(RequestMappingHandlerAdapter.java:808) ~[spring-webmvc-5.3.31.jar:5.3.31]
	at org.springframework.web.servlet.mvc.method.AbstractHandlerMethodAdapter.handle(AbstractHandlerMethodAdapter.java:87) ~[spring-webmvc-5.3.31.jar:5.3.31]
	at org.springframework.web.servlet.DispatcherServlet.doDispatch(DispatcherServlet.java:1072) ~[spring-webmvc-5.3.31.jar:5.3.31]
	at org.springframework.web.servlet.DispatcherServlet.doService(DispatcherServlet.java:965) ~[spring-webmvc-5.3.31.jar:5.3.31]
	at org.springframework.web.servlet.FrameworkServlet.processRequest(FrameworkServlet.java:1006) [spring-webmvc-5.3.31.jar:5.3.31]
	at org.springframework.web.servlet.FrameworkServlet.doPut(FrameworkServlet.java:920) [spring-webmvc-5.3.31.jar:5.3.31]
	at javax.servlet.http.HttpServlet.service(HttpServlet.java:558) [tomcat-embed-core-9.0.83.jar:4.0.FR]
	at org.springframework.web.servlet.FrameworkServlet.service(FrameworkServlet.java:883) [spring-webmvc-5.3.31.jar:5.3.31]
	at javax.servlet.http.HttpServlet.service(HttpServlet.java:623) [tomcat-embed-core-9.0.83.jar:4.0.FR]
	at org.apache.catalina.core.ApplicationFilterChain.internalDoFilter(ApplicationFilterChain.java:209) [tomcat-embed-core-9.0.83.jar:9.0.83]
	at org.apache.catalina.core.ApplicationFilterChain.doFilter(ApplicationFilterChain.java:153) [tomcat-embed-core-9.0.83.jar:9.0.83]
	at org.apache.tomcat.websocket.server.WsFilter.doFilter(WsFilter.java:51) [tomcat-embed-websocket-9.0.83.jar:9.0.83]
	at org.apache.catalina.core.ApplicationFilterChain.internalDoFilter(ApplicationFilterChain.java:178) [tomcat-embed-core-9.0.83.jar:9.0.83]
	at org.apache.catalina.core.ApplicationFilterChain.doFilter(ApplicationFilterChain.java:153) [tomcat-embed-core-9.0.83.jar:9.0.83]
	at org.springframework.web.filter.CorsFilter.doFilterInternal(CorsFilter.java:91) [spring-web-5.3.31.jar:5.3.31]
	at org.springframework.web.filter.OncePerRequestFilter.doFilter(OncePerRequestFilter.java:117) [spring-web-5.3.31.jar:5.3.31]
	at org.apache.catalina.core.ApplicationFilterChain.internalDoFilter(ApplicationFilterChain.java:178) [tomcat-embed-core-9.0.83.jar:9.0.83]
	at org.apache.catalina.core.ApplicationFilterChain.doFilter(ApplicationFilterChain.java:153) [tomcat-embed-core-9.0.83.jar:9.0.83]
	at org.springframework.web.filter.OncePerRequestFilter.doFilter(OncePerRequestFilter.java:111) [spring-web-5.3.31.jar:5.3.31]
	at org.apache.catalina.core.ApplicationFilterChain.internalDoFilter(ApplicationFilterChain.java:178) [tomcat-embed-core-9.0.83.jar:9.0.83]
	at org.apache.catalina.core.ApplicationFilterChain.doFilter(ApplicationFilterChain.java:153) [tomcat-embed-core-9.0.83.jar:9.0.83]
	at com.alibaba.druid.support.http.WebStatFilter.doFilter(WebStatFilter.java:114) [druid-1.2.16.jar:na]
	at org.apache.catalina.core.ApplicationFilterChain.internalDoFilter(ApplicationFilterChain.java:178) [tomcat-embed-core-9.0.83.jar:9.0.83]
	at org.apache.catalina.core.ApplicationFilterChain.doFilter(ApplicationFilterChain.java:153) [tomcat-embed-core-9.0.83.jar:9.0.83]
	at org.springframework.security.web.FilterChainProxy$VirtualFilterChain.doFilter(FilterChainProxy.java:337) [spring-security-web-5.7.11.jar:5.7.11]
	at org.springframework.security.web.access.intercept.FilterSecurityInterceptor.invoke(FilterSecurityInterceptor.java:115) [spring-security-web-5.7.11.jar:5.7.11]
	at org.springframework.security.web.access.intercept.FilterSecurityInterceptor.doFilter(FilterSecurityInterceptor.java:81) [spring-security-web-5.7.11.jar:5.7.11]
	at org.springframework.security.web.FilterChainProxy$VirtualFilterChain.doFilter(FilterChainProxy.java:346) [spring-security-web-5.7.11.jar:5.7.11]
	at org.springframework.security.web.access.ExceptionTranslationFilter.doFilter(ExceptionTranslationFilter.java:122) [spring-security-web-5.7.11.jar:5.7.11]
	at org.springframework.security.web.access.ExceptionTranslationFilter.doFilter(ExceptionTranslationFilter.java:116) [spring-security-web-5.7.11.jar:5.7.11]
	at org.springframework.security.web.FilterChainProxy$VirtualFilterChain.doFilter(FilterChainProxy.java:346) [spring-security-web-5.7.11.jar:5.7.11]
	at org.springframework.security.web.session.SessionManagementFilter.doFilter(SessionManagementFilter.java:126) [spring-security-web-5.7.11.jar:5.7.11]
	at org.springframework.security.web.session.SessionManagementFilter.doFilter(SessionManagementFilter.java:81) [spring-security-web-5.7.11.jar:5.7.11]
	at org.springframework.security.web.FilterChainProxy$VirtualFilterChain.doFilter(FilterChainProxy.java:346) [spring-security-web-5.7.11.jar:5.7.11]
	at org.springframework.security.web.authentication.AnonymousAuthenticationFilter.doFilter(AnonymousAuthenticationFilter.java:109) [spring-security-web-5.7.11.jar:5.7.11]
	at org.springframework.security.web.FilterChainProxy$VirtualFilterChain.doFilter(FilterChainProxy.java:346) [spring-security-web-5.7.11.jar:5.7.11]
	at org.springframework.security.web.servletapi.SecurityContextHolderAwareRequestFilter.doFilter(SecurityContextHolderAwareRequestFilter.java:149) [spring-security-web-5.7.11.jar:5.7.11]
	at org.springframework.security.web.FilterChainProxy$VirtualFilterChain.doFilter(FilterChainProxy.java:346) [spring-security-web-5.7.11.jar:5.7.11]
	at org.springframework.security.web.savedrequest.RequestCacheAwareFilter.doFilter(RequestCacheAwareFilter.java:63) [spring-security-web-5.7.11.jar:5.7.11]
	at org.springframework.security.web.FilterChainProxy$VirtualFilterChain.doFilter(FilterChainProxy.java:346) [spring-security-web-5.7.11.jar:5.7.11]
	at com.hospital.security.JwtAuthenticationFilter.doFilterInternal(JwtAuthenticationFilter.java:84) [classes/:na]
	at org.springframework.web.filter.OncePerRequestFilter.doFilter(OncePerRequestFilter.java:117) [spring-web-5.3.31.jar:5.3.31]
	at org.springframework.security.web.FilterChainProxy$VirtualFilterChain.doFilter(FilterChainProxy.java:346) [spring-security-web-5.7.11.jar:5.7.11]
	at org.springframework.security.web.authentication.logout.LogoutFilter.doFilter(LogoutFilter.java:103) [spring-security-web-5.7.11.jar:5.7.11]
	at org.springframework.security.web.authentication.logout.LogoutFilter.doFilter(LogoutFilter.java:89) [spring-security-web-5.7.11.jar:5.7.11]
	at org.springframework.security.web.FilterChainProxy$VirtualFilterChain.doFilter(FilterChainProxy.java:346) [spring-security-web-5.7.11.jar:5.7.11]
	at org.springframework.security.web.header.HeaderWriterFilter.doHeadersAfter(HeaderWriterFilter.java:90) [spring-security-web-5.7.11.jar:5.7.11]
	at org.springframework.security.web.header.HeaderWriterFilter.doFilterInternal(HeaderWriterFilter.java:75) [spring-security-web-5.7.11.jar:5.7.11]
	at org.springframework.web.filter.OncePerRequestFilter.doFilter(OncePerRequestFilter.java:117) [spring-web-5.3.31.jar:5.3.31]
	at org.springframework.security.web.FilterChainProxy$VirtualFilterChain.doFilter(FilterChainProxy.java:346) [spring-security-web-5.7.11.jar:5.7.11]
	at org.springframework.security.web.context.SecurityContextPersistenceFilter.doFilter(SecurityContextPersistenceFilter.java:112) [spring-security-web-5.7.11.jar:5.7.11]
	at org.springframework.security.web.context.SecurityContextPersistenceFilter.doFilter(SecurityContextPersistenceFilter.java:82) [spring-security-web-5.7.11.jar:5.7.11]
	at org.springframework.security.web.FilterChainProxy$VirtualFilterChain.doFilter(FilterChainProxy.java:346) [spring-security-web-5.7.11.jar:5.7.11]
	at org.springframework.security.web.context.request.async.WebAsyncManagerIntegrationFilter.doFilterInternal(WebAsyncManagerIntegrationFilter.java:55) [spring-security-web-5.7.11.jar:5.7.11]
	at org.springframework.web.filter.OncePerRequestFilter.doFilter(OncePerRequestFilter.java:117) [spring-web-5.3.31.jar:5.3.31]
	at org.springframework.security.web.FilterChainProxy$VirtualFilterChain.doFilter(FilterChainProxy.java:346) [spring-security-web-5.7.11.jar:5.7.11]
	at org.springframework.security.web.session.DisableEncodeUrlFilter.doFilterInternal(DisableEncodeUrlFilter.java:42) [spring-security-web-5.7.11.jar:5.7.11]
	at org.springframework.web.filter.OncePerRequestFilter.doFilter(OncePerRequestFilter.java:117) [spring-web-5.3.31.jar:5.3.31]
	at org.springframework.security.web.FilterChainProxy$VirtualFilterChain.doFilter(FilterChainProxy.java:346) [spring-security-web-5.7.11.jar:5.7.11]
	at org.springframework.security.web.FilterChainProxy.doFilterInternal(FilterChainProxy.java:221) [spring-security-web-5.7.11.jar:5.7.11]
	at org.springframework.security.web.FilterChainProxy.doFilter(FilterChainProxy.java:186) [spring-security-web-5.7.11.jar:5.7.11]
	at org.springframework.web.filter.DelegatingFilterProxy.invokeDelegate(DelegatingFilterProxy.java:354) [spring-web-5.3.31.jar:5.3.31]
	at org.springframework.web.filter.DelegatingFilterProxy.doFilter(DelegatingFilterProxy.java:267) [spring-web-5.3.31.jar:5.3.31]
	at org.apache.catalina.core.ApplicationFilterChain.internalDoFilter(ApplicationFilterChain.java:178) [tomcat-embed-core-9.0.83.jar:9.0.83]
	at org.apache.catalina.core.ApplicationFilterChain.doFilter(ApplicationFilterChain.java:153) [tomcat-embed-core-9.0.83.jar:9.0.83]
	at org.springframework.web.filter.RequestContextFilter.doFilterInternal(RequestContextFilter.java:100) [spring-web-5.3.31.jar:5.3.31]
	at org.springframework.web.filter.OncePerRequestFilter.doFilter(OncePerRequestFilter.java:117) [spring-web-5.3.31.jar:5.3.31]
	at org.apache.catalina.core.ApplicationFilterChain.internalDoFilter(ApplicationFilterChain.java:178) [tomcat-embed-core-9.0.83.jar:9.0.83]
	at org.apache.catalina.core.ApplicationFilterChain.doFilter(ApplicationFilterChain.java:153) [tomcat-embed-core-9.0.83.jar:9.0.83]
	at org.springframework.web.filter.FormContentFilter.doFilterInternal(FormContentFilter.java:93) [spring-web-5.3.31.jar:5.3.31]
	at org.springframework.web.filter.OncePerRequestFilter.doFilter(OncePerRequestFilter.java:117) [spring-web-5.3.31.jar:5.3.31]
	at org.apache.catalina.core.ApplicationFilterChain.internalDoFilter(ApplicationFilterChain.java:178) [tomcat-embed-core-9.0.83.jar:9.0.83]
	at org.apache.catalina.core.ApplicationFilterChain.doFilter(ApplicationFilterChain.java:153) [tomcat-embed-core-9.0.83.jar:9.0.83]
	at org.springframework.web.filter.CharacterEncodingFilter.doFilterInternal(CharacterEncodingFilter.java:201) [spring-web-5.3.31.jar:5.3.31]
	at org.springframework.web.filter.OncePerRequestFilter.doFilter(OncePerRequestFilter.java:117) [spring-web-5.3.31.jar:5.3.31]
	at org.apache.catalina.core.ApplicationFilterChain.internalDoFilter(ApplicationFilterChain.java:178) [tomcat-embed-core-9.0.83.jar:9.0.83]
	at org.apache.catalina.core.ApplicationFilterChain.doFilter(ApplicationFilterChain.java:153) [tomcat-embed-core-9.0.83.jar:9.0.83]
	at org.apache.catalina.core.StandardWrapperValve.invoke(StandardWrapperValve.java:168) [tomcat-embed-core-9.0.83.jar:9.0.83]
	at org.apache.catalina.core.StandardContextValve.invoke(StandardContextValve.java:90) [tomcat-embed-core-9.0.83.jar:9.0.83]
	at org.apache.catalina.authenticator.AuthenticatorBase.invoke(AuthenticatorBase.java:481) [tomcat-embed-core-9.0.83.jar:9.0.83]
	at org.apache.catalina.core.StandardHostValve.invoke(StandardHostValve.java:130) [tomcat-embed-core-9.0.83.jar:9.0.83]
	at org.apache.catalina.valves.ErrorReportValve.invoke(ErrorReportValve.java:93) [tomcat-embed-core-9.0.83.jar:9.0.83]
	at org.apache.catalina.core.StandardEngineValve.invoke(StandardEngineValve.java:74) [tomcat-embed-core-9.0.83.jar:9.0.83]
	at org.apache.catalina.connector.CoyoteAdapter.service(CoyoteAdapter.java:342) [tomcat-embed-core-9.0.83.jar:9.0.83]
	at org.apache.coyote.http11.Http11Processor.service(Http11Processor.java:390) [tomcat-embed-core-9.0.83.jar:9.0.83]
	at org.apache.coyote.AbstractProcessorLight.process(AbstractProcessorLight.java:63) [tomcat-embed-core-9.0.83.jar:9.0.83]
	at org.apache.coyote.AbstractProtocol$ConnectionHandler.process(AbstractProtocol.java:928) [tomcat-embed-core-9.0.83.jar:9.0.83]
	at org.apache.tomcat.util.net.NioEndpoint$SocketProcessor.doRun(NioEndpoint.java:1794) [tomcat-embed-core-9.0.83.jar:9.0.83]
	at org.apache.tomcat.util.net.SocketProcessorBase.run(SocketProcessorBase.java:52) [tomcat-embed-core-9.0.83.jar:9.0.83]
	at org.apache.tomcat.util.threads.ThreadPoolExecutor.runWorker(ThreadPoolExecutor.java:1191) [tomcat-embed-core-9.0.83.jar:9.0.83]
	at org.apache.tomcat.util.threads.ThreadPoolExecutor$Worker.run(ThreadPoolExecutor.java:659) [tomcat-embed-core-9.0.83.jar:9.0.83]
	at org.apache.tomcat.util.threads.TaskThread$WrappingRunnable.run(TaskThread.java:61) [tomcat-embed-core-9.0.83.jar:9.0.83]
	at java.lang.Thread.run(Thread.java:748) [na:1.8.0_301]
Caused by: com.fasterxml.jackson.databind.exc.MismatchedInputException: Cannot deserialize value of type `java.lang.Integer` from Boolean value (token `JsonToken.VALUE_TRUE`)
 at [Source: (org.springframework.util.StreamUtils$NonClosingInputStream); line: 1, column: 308] (through reference chain: com.hospital.dto.DoctorDTO["status"])
	at com.fasterxml.jackson.databind.exc.MismatchedInputException.from(MismatchedInputException.java:59) ~[jackson-databind-2.13.5.jar:2.13.5]
	at com.fasterxml.jackson.databind.DeserializationContext.reportInputMismatch(DeserializationContext.java:1741) ~[jackson-databind-2.13.5.jar:2.13.5]
	at com.fasterxml.jackson.databind.DeserializationContext.handleUnexpectedToken(DeserializationContext.java:1515) ~[jackson-databind-2.13.5.jar:2.13.5]
	at com.fasterxml.jackson.databind.DeserializationContext.handleUnexpectedToken(DeserializationContext.java:1462) ~[jackson-databind-2.13.5.jar:2.13.5]
	at com.fasterxml.jackson.databind.deser.std.StdDeserializer._parseInteger(StdDeserializer.java:810) ~[jackson-databind-2.13.5.jar:2.13.5]
	at com.fasterxml.jackson.databind.deser.std.NumberDeserializers$IntegerDeserializer.deserialize(NumberDeserializers.java:531) ~[jackson-databind-2.13.5.jar:2.13.5]
	at com.fasterxml.jackson.databind.deser.std.NumberDeserializers$IntegerDeserializer.deserialize(NumberDeserializers.java:506) ~[jackson-databind-2.13.5.jar:2.13.5]
	at com.fasterxml.jackson.databind.deser.impl.MethodProperty.deserializeAndSet(MethodProperty.java:129) ~[jackson-databind-2.13.5.jar:2.13.5]
	at com.fasterxml.jackson.databind.deser.BeanDeserializer.deserializeFromObject(BeanDeserializer.java:392) ~[jackson-databind-2.13.5.jar:2.13.5]
	at com.fasterxml.jackson.databind.deser.BeanDeserializer.deserialize(BeanDeserializer.java:185) ~[jackson-databind-2.13.5.jar:2.13.5]
	at com.fasterxml.jackson.databind.deser.DefaultDeserializationContext.readRootValue(DefaultDeserializationContext.java:323) ~[jackson-databind-2.13.5.jar:2.13.5]
	at com.fasterxml.jackson.databind.ObjectMapper._readMapAndClose(ObjectMapper.java:4674) ~[jackson-databind-2.13.5.jar:2.13.5]
	at com.fasterxml.jackson.databind.ObjectMapper.readValue(ObjectMapper.java:3682) ~[jackson-databind-2.13.5.jar:2.13.5]
	at org.springframework.http.converter.json.AbstractJackson2HttpMessageConverter.readJavaType(AbstractJackson2HttpMessageConverter.java:380) ~[spring-web-5.3.31.jar:5.3.31]
	... 102 common frames omitted

2026-04-02 11:08:25.988  INFO 19740 --- [http-nio-8080-exec-1] c.h.service.impl.DepartmentServiceImpl   : 新增科室成功: 中医科
2026-04-02 11:08:37.909  INFO 19740 --- [http-nio-8080-exec-10] c.h.service.impl.DepartmentServiceImpl   : 科室状态更新: deptId=14, status=0
2026-04-02 11:08:39.484  INFO 19740 --- [http-nio-8080-exec-3] c.h.service.impl.DepartmentServiceImpl   : 科室状态更新: deptId=14, status=1
2026-04-02 11:08:47.931  INFO 19740 --- [http-nio-8080-exec-8] c.h.service.impl.DepartmentServiceImpl   : 编辑科室成功: 中医科
2026-04-02 11:08:50.641  INFO 19740 --- [http-nio-8080-exec-9] c.h.service.impl.DepartmentServiceImpl   : 删除科室成功: 中医科
2026-04-02 11:09:23.637  INFO 19740 --- [http-nio-8080-exec-6] c.h.service.impl.DoctorServiceImpl       : 医生账号状态更新: doctorId=1, status=1
2026-04-02 11:11:07.723  INFO 19740 --- [http-nio-8080-exec-3] c.h.service.impl.DoctorServiceImpl       : 医生账号状态更新: doctorId=1, status=1
2026-04-02 11:13:55.561  INFO 19740 --- [http-nio-8080-exec-3] c.hospital.service.impl.AuthServiceImpl  : 用户登录成功: admin
2026-04-02 11:14:12.084  INFO 19740 --- [http-nio-8080-exec-5] c.h.service.impl.DoctorServiceImpl       : 编辑医生成功: 张伟
2026-04-02 11:14:15.004  INFO 19740 --- [http-nio-8080-exec-2] c.h.service.impl.DoctorServiceImpl       : 编辑医生成功: 张伟
2026-04-02 11:14:16.840  INFO 19740 --- [http-nio-8080-exec-7] c.h.service.impl.DoctorServiceImpl       : 医生账号状态更新: doctorId=1, status=1
2026-04-02 11:17:58.302  INFO 19740 --- [http-nio-8080-exec-7] c.h.service.impl.DoctorServiceImpl       : 医生账号状态更新: doctorId=1, status=0
2026-04-02 11:17:59.750  INFO 19740 --- [http-nio-8080-exec-1] c.h.service.impl.DoctorServiceImpl       : 医生账号状态更新: doctorId=1, status=1
2026-04-02 11:18:13.089  INFO 19740 --- [http-nio-8080-exec-9] c.h.service.impl.ScheduleServiceImpl     : 下架排班号源成功: scheduleId=11
2026-04-02 11:38:29.567  INFO 35208 --- [main] com.hospital.HospitalApplication         : Starting HospitalApplication using Java 1.8.0_301 on LAPTOP-2G3SGJCK with PID 35208 (C:\Users\徐凌\Desktop\实习\毕设\开发文件\hospital\hospital-backend\target\classes started by 徐凌 in C:\Users\徐凌\Desktop\实习\毕设\开发文件\hospital\hospital-backend)
2026-04-02 11:38:29.568 DEBUG 35208 --- [main] com.hospital.HospitalApplication         : Running with Spring Boot v2.7.18, Spring v5.3.31
2026-04-02 11:38:29.568  INFO 35208 --- [main] com.hospital.HospitalApplication         : No active profile set, falling back to 1 default profile: "default"
2026-04-02 11:38:30.212  INFO 35208 --- [main] .s.d.r.c.RepositoryConfigurationDelegate : Multiple Spring Data modules found, entering strict repository configuration mode
2026-04-02 11:38:30.213  INFO 35208 --- [main] .s.d.r.c.RepositoryConfigurationDelegate : Bootstrapping Spring Data Redis repositories in DEFAULT mode.
2026-04-02 11:38:30.237  INFO 35208 --- [main] .s.d.r.c.RepositoryConfigurationDelegate : Finished Spring Data repository scanning in 16 ms. Found 0 Redis repository interfaces.
2026-04-02 11:38:30.312  WARN 35208 --- [main] o.m.s.mapper.ClassPathMapperScanner      : Skipping MapperFactoryBean with name 'hosAppointmentOrderMapper' and 'com.hospital.mapper.HosAppointmentOrderMapper' mapperInterface. Bean already defined with the same name!
2026-04-02 11:38:30.313  WARN 35208 --- [main] o.m.s.mapper.ClassPathMapperScanner      : Skipping MapperFactoryBean with name 'hosDepartmentMapper' and 'com.hospital.mapper.HosDepartmentMapper' mapperInterface. Bean already defined with the same name!
2026-04-02 11:38:30.313  WARN 35208 --- [main] o.m.s.mapper.ClassPathMapperScanner      : Skipping MapperFactoryBean with name 'hosDoctorMapper' and 'com.hospital.mapper.HosDoctorMapper' mapperInterface. Bean already defined with the same name!
2026-04-02 11:38:30.313  WARN 35208 --- [main] o.m.s.mapper.ClassPathMapperScanner      : Skipping MapperFactoryBean with name 'hosNumberSourceMapper' and 'com.hospital.mapper.HosNumberSourceMapper' mapperInterface. Bean already defined with the same name!
2026-04-02 11:38:30.313  WARN 35208 --- [main] o.m.s.mapper.ClassPathMapperScanner      : Skipping MapperFactoryBean with name 'hosScheduleMapper' and 'com.hospital.mapper.HosScheduleMapper' mapperInterface. Bean already defined with the same name!
2026-04-02 11:38:30.313  WARN 35208 --- [main] o.m.s.mapper.ClassPathMapperScanner      : Skipping MapperFactoryBean with name 'sysRoleMapper' and 'com.hospital.mapper.SysRoleMapper' mapperInterface. Bean already defined with the same name!
2026-04-02 11:38:30.313  WARN 35208 --- [main] o.m.s.mapper.ClassPathMapperScanner      : Skipping MapperFactoryBean with name 'sysUserMapper' and 'com.hospital.mapper.SysUserMapper' mapperInterface. Bean already defined with the same name!
2026-04-02 11:38:30.313  WARN 35208 --- [main] o.m.s.mapper.ClassPathMapperScanner      : Skipping MapperFactoryBean with name 'sysUserRoleMapper' and 'com.hospital.mapper.SysUserRoleMapper' mapperInterface. Bean already defined with the same name!
2026-04-02 11:38:30.313  WARN 35208 --- [main] o.m.s.mapper.ClassPathMapperScanner      : No MyBatis mapper was found in '[com.hospital.mapper]' package. Please check your configuration.
2026-04-02 11:38:30.920  INFO 35208 --- [main] o.s.b.w.embedded.tomcat.TomcatWebServer  : Tomcat initialized with port(s): 8080 (http)
2026-04-02 11:38:30.926  INFO 35208 --- [main] o.apache.catalina.core.StandardService   : Starting service [Tomcat]
2026-04-02 11:38:30.926  INFO 35208 --- [main] org.apache.catalina.core.StandardEngine  : Starting Servlet engine: [Apache Tomcat/9.0.83]
2026-04-02 11:38:31.024  INFO 35208 --- [main] o.a.c.c.C.[Tomcat].[localhost].[/api]    : Initializing Spring embedded WebApplicationContext
2026-04-02 11:38:31.024  INFO 35208 --- [main] w.s.c.ServletWebServerApplicationContext : Root WebApplicationContext: initialization completed in 1426 ms
2026-04-02 11:38:31.147  INFO 35208 --- [main] c.a.d.s.b.a.DruidDataSourceAutoConfigure : Init DruidDataSource
2026-04-02 11:38:31.386  INFO 35208 --- [main] com.alibaba.druid.pool.DruidDataSource   : {dataSource-1} inited
2026-04-02 11:38:32.232 DEBUG 35208 --- [main] c.h.security.JwtAuthenticationFilter     : Filter 'jwtAuthenticationFilter' configured for use
2026-04-02 11:38:32.601  INFO 35208 --- [main] o.s.s.web.DefaultSecurityFilterChain     : Will secure any request with [org.springframework.security.web.session.DisableEncodeUrlFilter@559991f5, org.springframework.security.web.context.request.async.WebAsyncManagerIntegrationFilter@34c76167, org.springframework.security.web.context.SecurityContextPersistenceFilter@3009eed7, org.springframework.security.web.header.HeaderWriterFilter@4fb64a52, org.springframework.security.web.authentication.logout.LogoutFilter@509a6095, com.hospital.security.JwtAuthenticationFilter@1ca3d25b, org.springframework.security.web.savedrequest.RequestCacheAwareFilter@6650a6c, org.springframework.security.web.servletapi.SecurityContextHolderAwareRequestFilter@2484dbb7, org.springframework.security.web.authentication.AnonymousAuthenticationFilter@30b3d899, org.springframework.security.web.session.SessionManagementFilter@60591e1b, org.springframework.security.web.access.ExceptionTranslationFilter@451e2fa9, org.springframework.security.web.access.intercept.FilterSecurityInterceptor@46bb0bdf]
2026-04-02 11:38:32.960  INFO 35208 --- [main] o.s.b.w.embedded.tomcat.TomcatWebServer  : Tomcat started on port(s): 8080 (http) with context path '/api'
2026-04-02 11:38:33.265  INFO 35208 --- [main] com.hospital.HospitalApplication         : Started HospitalApplication in 3.941 seconds (JVM running for 4.251)
2026-04-02 11:38:33.421  INFO 35208 --- [main] com.hospital.config.PasswordInitializer  : 管理员密码已重置为: 123456
2026-04-02 11:38:33.421  INFO 35208 --- [main] com.hospital.config.PasswordInitializer  : 加密后的密码: $2a$10$mGjPkrZnWxKbcVHtcJCSFOZVhgxt2JTx5V8zINnupno4lGhdjRism
2026-04-02 11:39:08.955  INFO 35208 --- [http-nio-8080-exec-4] o.a.c.c.C.[Tomcat].[localhost].[/api]    : Initializing Spring DispatcherServlet 'dispatcherServlet'
2026-04-02 11:39:08.957  INFO 35208 --- [http-nio-8080-exec-4] o.s.web.servlet.DispatcherServlet        : Initializing Servlet 'dispatcherServlet'
2026-04-02 11:39:08.957  INFO 35208 --- [http-nio-8080-exec-4] o.s.web.servlet.DispatcherServlet        : Completed initialization in 0 ms
2026-04-02 11:39:21.816  INFO 35208 --- [http-nio-8080-exec-10] c.h.service.impl.ScheduleServiceImpl     : 编辑排班成功: scheduleId=11
2026-04-02 11:46:40.710  INFO 35208 --- [http-nio-8080-exec-5] c.h.service.impl.ScheduleServiceImpl     : 发布排班号源成功: scheduleId=11
2026-04-02 13:16:02.155  INFO 48820 --- [main] com.hospital.HospitalApplication         : Starting HospitalApplication using Java 1.8.0_301 on LAPTOP-2G3SGJCK with PID 48820 (C:\Users\徐凌\Desktop\实习\毕设\开发文件\hospital\hospital-backend\target\classes started by 徐凌 in C:\Users\徐凌\Desktop\实习\毕设\开发文件\hospital\hospital-backend)
2026-04-02 13:16:02.159 DEBUG 48820 --- [main] com.hospital.HospitalApplication         : Running with Spring Boot v2.7.18, Spring v5.3.31
2026-04-02 13:16:02.159  INFO 48820 --- [main] com.hospital.HospitalApplication         : No active profile set, falling back to 1 default profile: "default"
2026-04-02 13:16:02.933  INFO 48820 --- [main] .s.d.r.c.RepositoryConfigurationDelegate : Multiple Spring Data modules found, entering strict repository configuration mode
2026-04-02 13:16:02.935  INFO 48820 --- [main] .s.d.r.c.RepositoryConfigurationDelegate : Bootstrapping Spring Data Redis repositories in DEFAULT mode.
2026-04-02 13:16:02.958  INFO 48820 --- [main] .s.d.r.c.RepositoryConfigurationDelegate : Finished Spring Data repository scanning in 15 ms. Found 0 Redis repository interfaces.
2026-04-02 13:16:03.037  WARN 48820 --- [main] o.m.s.mapper.ClassPathMapperScanner      : Skipping MapperFactoryBean with name 'hosAppointmentOrderMapper' and 'com.hospital.mapper.HosAppointmentOrderMapper' mapperInterface. Bean already defined with the same name!
2026-04-02 13:16:03.037  WARN 48820 --- [main] o.m.s.mapper.ClassPathMapperScanner      : Skipping MapperFactoryBean with name 'hosDepartmentMapper' and 'com.hospital.mapper.HosDepartmentMapper' mapperInterface. Bean already defined with the same name!
2026-04-02 13:16:03.037  WARN 48820 --- [main] o.m.s.mapper.ClassPathMapperScanner      : Skipping MapperFactoryBean with name 'hosDoctorMapper' and 'com.hospital.mapper.HosDoctorMapper' mapperInterface. Bean already defined with the same name!
2026-04-02 13:16:03.037  WARN 48820 --- [main] o.m.s.mapper.ClassPathMapperScanner      : Skipping MapperFactoryBean with name 'hosNumberSourceMapper' and 'com.hospital.mapper.HosNumberSourceMapper' mapperInterface. Bean already defined with the same name!
2026-04-02 13:16:03.037  WARN 48820 --- [main] o.m.s.mapper.ClassPathMapperScanner      : Skipping MapperFactoryBean with name 'hosScheduleMapper' and 'com.hospital.mapper.HosScheduleMapper' mapperInterface. Bean already defined with the same name!
2026-04-02 13:16:03.037  WARN 48820 --- [main] o.m.s.mapper.ClassPathMapperScanner      : Skipping MapperFactoryBean with name 'sysRoleMapper' and 'com.hospital.mapper.SysRoleMapper' mapperInterface. Bean already defined with the same name!
2026-04-02 13:16:03.039  WARN 48820 --- [main] o.m.s.mapper.ClassPathMapperScanner      : Skipping MapperFactoryBean with name 'sysUserMapper' and 'com.hospital.mapper.SysUserMapper' mapperInterface. Bean already defined with the same name!
2026-04-02 13:16:03.039  WARN 48820 --- [main] o.m.s.mapper.ClassPathMapperScanner      : Skipping MapperFactoryBean with name 'sysUserRoleMapper' and 'com.hospital.mapper.SysUserRoleMapper' mapperInterface. Bean already defined with the same name!
2026-04-02 13:16:03.040  WARN 48820 --- [main] o.m.s.mapper.ClassPathMapperScanner      : No MyBatis mapper was found in '[com.hospital.mapper]' package. Please check your configuration.
2026-04-02 13:16:03.699  INFO 48820 --- [main] o.s.b.w.embedded.tomcat.TomcatWebServer  : Tomcat initialized with port(s): 8080 (http)
2026-04-02 13:16:03.705  INFO 48820 --- [main] o.apache.catalina.core.StandardService   : Starting service [Tomcat]
2026-04-02 13:16:03.706  INFO 48820 --- [main] org.apache.catalina.core.StandardEngine  : Starting Servlet engine: [Apache Tomcat/9.0.83]
2026-04-02 13:16:03.829  INFO 48820 --- [main] o.a.c.c.C.[Tomcat].[localhost].[/api]    : Initializing Spring embedded WebApplicationContext
2026-04-02 13:16:03.829  INFO 48820 --- [main] w.s.c.ServletWebServerApplicationContext : Root WebApplicationContext: initialization completed in 1624 ms
2026-04-02 13:16:03.953  INFO 48820 --- [main] c.a.d.s.b.a.DruidDataSourceAutoConfigure : Init DruidDataSource
2026-04-02 13:16:04.233  INFO 48820 --- [main] com.alibaba.druid.pool.DruidDataSource   : {dataSource-1} inited
2026-04-02 13:16:05.114 DEBUG 48820 --- [main] c.h.security.JwtAuthenticationFilter     : Filter 'jwtAuthenticationFilter' configured for use
2026-04-02 13:16:05.498  INFO 48820 --- [main] o.s.s.web.DefaultSecurityFilterChain     : Will secure any request with [org.springframework.security.web.session.DisableEncodeUrlFilter@559991f5, org.springframework.security.web.context.request.async.WebAsyncManagerIntegrationFilter@34c76167, org.springframework.security.web.context.SecurityContextPersistenceFilter@3009eed7, org.springframework.security.web.header.HeaderWriterFilter@4fb64a52, org.springframework.security.web.authentication.logout.LogoutFilter@509a6095, com.hospital.security.JwtAuthenticationFilter@1ca3d25b, org.springframework.security.web.savedrequest.RequestCacheAwareFilter@6650a6c, org.springframework.security.web.servletapi.SecurityContextHolderAwareRequestFilter@2484dbb7, org.springframework.security.web.authentication.AnonymousAuthenticationFilter@30b3d899, org.springframework.security.web.session.SessionManagementFilter@60591e1b, org.springframework.security.web.access.ExceptionTranslationFilter@451e2fa9, org.springframework.security.web.access.intercept.FilterSecurityInterceptor@46bb0bdf]
2026-04-02 13:16:05.928  INFO 48820 --- [main] o.s.b.w.embedded.tomcat.TomcatWebServer  : Tomcat started on port(s): 8080 (http) with context path '/api'
2026-04-02 13:16:06.250  INFO 48820 --- [main] com.hospital.HospitalApplication         : Started HospitalApplication in 4.418 seconds (JVM running for 4.816)
2026-04-02 13:16:06.417  INFO 48820 --- [main] com.hospital.config.PasswordInitializer  : 管理员密码已重置为: 123456
2026-04-02 13:16:06.418  INFO 48820 --- [main] com.hospital.config.PasswordInitializer  : 加密后的密码: $2a$10$oaMR4uBb6gWkrcADaQs.AeKWSfb3bPfWL.obWbXKXnCO7CsApxbUi
2026-04-02 13:16:17.639  INFO 48820 --- [http-nio-8080-exec-1] o.a.c.c.C.[Tomcat].[localhost].[/api]    : Initializing Spring DispatcherServlet 'dispatcherServlet'
2026-04-02 13:16:17.639  INFO 48820 --- [http-nio-8080-exec-1] o.s.web.servlet.DispatcherServlet        : Initializing Servlet 'dispatcherServlet'
2026-04-02 13:16:17.641  INFO 48820 --- [http-nio-8080-exec-1] o.s.web.servlet.DispatcherServlet        : Completed initialization in 1 ms
2026-04-02 13:35:15.675  INFO 37584 --- [main] com.hospital.HospitalApplication         : Starting HospitalApplication using Java 1.8.0_301 on LAPTOP-2G3SGJCK with PID 37584 (C:\Users\徐凌\Desktop\实习\毕设\开发文件\hospital\hospital-backend\target\classes started by 徐凌 in C:\Users\徐凌\Desktop\实习\毕设\开发文件\hospital\hospital-backend)
2026-04-02 13:35:15.679 DEBUG 37584 --- [main] com.hospital.HospitalApplication         : Running with Spring Boot v2.7.18, Spring v5.3.31
2026-04-02 13:35:15.679  INFO 37584 --- [main] com.hospital.HospitalApplication         : No active profile set, falling back to 1 default profile: "default"
2026-04-02 13:35:16.547  INFO 37584 --- [main] .s.d.r.c.RepositoryConfigurationDelegate : Multiple Spring Data modules found, entering strict repository configuration mode
2026-04-02 13:35:16.549  INFO 37584 --- [main] .s.d.r.c.RepositoryConfigurationDelegate : Bootstrapping Spring Data Redis repositories in DEFAULT mode.
2026-04-02 13:35:16.583  INFO 37584 --- [main] .s.d.r.c.RepositoryConfigurationDelegate : Finished Spring Data repository scanning in 24 ms. Found 0 Redis repository interfaces.
2026-04-02 13:35:16.689  WARN 37584 --- [main] o.m.s.mapper.ClassPathMapperScanner      : Skipping MapperFactoryBean with name 'hosAppointmentOrderMapper' and 'com.hospital.mapper.HosAppointmentOrderMapper' mapperInterface. Bean already defined with the same name!
2026-04-02 13:35:16.691  WARN 37584 --- [main] o.m.s.mapper.ClassPathMapperScanner      : Skipping MapperFactoryBean with name 'hosDepartmentMapper' and 'com.hospital.mapper.HosDepartmentMapper' mapperInterface. Bean already defined with the same name!
2026-04-02 13:35:16.691  WARN 37584 --- [main] o.m.s.mapper.ClassPathMapperScanner      : Skipping MapperFactoryBean with name 'hosDoctorMapper' and 'com.hospital.mapper.HosDoctorMapper' mapperInterface. Bean already defined with the same name!
2026-04-02 13:35:16.691  WARN 37584 --- [main] o.m.s.mapper.ClassPathMapperScanner      : Skipping MapperFactoryBean with name 'hosNumberSourceMapper' and 'com.hospital.mapper.HosNumberSourceMapper' mapperInterface. Bean already defined with the same name!
2026-04-02 13:35:16.691  WARN 37584 --- [main] o.m.s.mapper.ClassPathMapperScanner      : Skipping MapperFactoryBean with name 'hosScheduleMapper' and 'com.hospital.mapper.HosScheduleMapper' mapperInterface. Bean already defined with the same name!
2026-04-02 13:35:16.691  WARN 37584 --- [main] o.m.s.mapper.ClassPathMapperScanner      : Skipping MapperFactoryBean with name 'sysRoleMapper' and 'com.hospital.mapper.SysRoleMapper' mapperInterface. Bean already defined with the same name!
2026-04-02 13:35:16.691  WARN 37584 --- [main] o.m.s.mapper.ClassPathMapperScanner      : Skipping MapperFactoryBean with name 'sysUserMapper' and 'com.hospital.mapper.SysUserMapper' mapperInterface. Bean already defined with the same name!
2026-04-02 13:35:16.693  WARN 37584 --- [main] o.m.s.mapper.ClassPathMapperScanner      : Skipping MapperFactoryBean with name 'sysUserRoleMapper' and 'com.hospital.mapper.SysUserRoleMapper' mapperInterface. Bean already defined with the same name!
2026-04-02 13:35:16.693  WARN 37584 --- [main] o.m.s.mapper.ClassPathMapperScanner      : No MyBatis mapper was found in '[com.hospital.mapper]' package. Please check your configuration.
2026-04-02 13:35:17.451  INFO 37584 --- [main] o.s.b.w.embedded.tomcat.TomcatWebServer  : Tomcat initialized with port(s): 8080 (http)
2026-04-02 13:35:17.458  INFO 37584 --- [main] o.apache.catalina.core.StandardService   : Starting service [Tomcat]
2026-04-02 13:35:17.459  INFO 37584 --- [main] org.apache.catalina.core.StandardEngine  : Starting Servlet engine: [Apache Tomcat/9.0.83]
2026-04-02 13:35:17.573  INFO 37584 --- [main] o.a.c.c.C.[Tomcat].[localhost].[/api]    : Initializing Spring embedded WebApplicationContext
2026-04-02 13:35:17.573  INFO 37584 --- [main] w.s.c.ServletWebServerApplicationContext : Root WebApplicationContext: initialization completed in 1834 ms
2026-04-02 13:35:17.701  INFO 37584 --- [main] c.a.d.s.b.a.DruidDataSourceAutoConfigure : Init DruidDataSource
2026-04-02 13:35:17.973  INFO 37584 --- [main] com.alibaba.druid.pool.DruidDataSource   : {dataSource-1} inited
2026-04-02 13:35:18.864 DEBUG 37584 --- [main] c.h.security.JwtAuthenticationFilter     : Filter 'jwtAuthenticationFilter' configured for use
2026-04-02 13:35:19.311  INFO 37584 --- [main] o.s.s.web.DefaultSecurityFilterChain     : Will secure any request with [org.springframework.security.web.session.DisableEncodeUrlFilter@27ab206, org.springframework.security.web.context.request.async.WebAsyncManagerIntegrationFilter@3344d163, org.springframework.security.web.context.SecurityContextPersistenceFilter@61d60e38, org.springframework.security.web.header.HeaderWriterFilter@40c8067, org.springframework.security.web.authentication.logout.LogoutFilter@3e43f049, com.hospital.security.JwtAuthenticationFilter@1ca3d25b, org.springframework.security.web.savedrequest.RequestCacheAwareFilter@404ced67, org.springframework.security.web.servletapi.SecurityContextHolderAwareRequestFilter@27e199ce, org.springframework.security.web.authentication.AnonymousAuthenticationFilter@6cc48a17, org.springframework.security.web.session.SessionManagementFilter@30b3d899, org.springframework.security.web.access.ExceptionTranslationFilter@203e705e, org.springframework.security.web.access.intercept.FilterSecurityInterceptor@447521e]
2026-04-02 13:35:19.731  INFO 37584 --- [main] o.s.b.w.embedded.tomcat.TomcatWebServer  : Tomcat started on port(s): 8080 (http) with context path '/api'
2026-04-02 13:35:20.091  INFO 37584 --- [main] com.hospital.HospitalApplication         : Started HospitalApplication in 4.817 seconds (JVM running for 5.325)
2026-04-02 13:35:20.283  INFO 37584 --- [main] com.hospital.config.PasswordInitializer  : 管理员密码已重置为: 123456
2026-04-02 13:35:20.283  INFO 37584 --- [main] com.hospital.config.PasswordInitializer  : 加密后的密码: $2a$10$31bczJ6JNqlB1s2wGkp3yup592q6zTm.JOCr.GkPV1lZalovCaHh2
2026-04-02 13:35:27.122  INFO 37584 --- [http-nio-8080-exec-6] o.a.c.c.C.[Tomcat].[localhost].[/api]    : Initializing Spring DispatcherServlet 'dispatcherServlet'
2026-04-02 13:35:27.122  INFO 37584 --- [http-nio-8080-exec-6] o.s.web.servlet.DispatcherServlet        : Initializing Servlet 'dispatcherServlet'
2026-04-02 13:35:27.125  INFO 37584 --- [http-nio-8080-exec-6] o.s.web.servlet.DispatcherServlet        : Completed initialization in 2 ms
