2026-03-30 14:35:41.964  INFO 2896 --- [main] com.hospital.HospitalApplication         : Starting HospitalApplication using Java 1.8.0_301 on LAPTOP-2G3SGJCK with PID 2896 (C:\Users\徐凌\Desktop\实习\毕设\开发文件\hospital\hospital-backend\target\classes started by 徐凌 in C:\Users\徐凌\Desktop\实习\毕设\开发文件\hospital)
2026-03-30 14:35:41.969 DEBUG 2896 --- [main] com.hospital.HospitalApplication         : Running with Spring Boot v2.7.18, Spring v5.3.31
2026-03-30 14:35:41.969  INFO 2896 --- [main] com.hospital.HospitalApplication         : No active profile set, falling back to 1 default profile: "default"
2026-03-30 14:35:42.805  INFO 2896 --- [main] .s.d.r.c.RepositoryConfigurationDelegate : Multiple Spring Data modules found, entering strict repository configuration mode
2026-03-30 14:35:42.807  INFO 2896 --- [main] .s.d.r.c.RepositoryConfigurationDelegate : Bootstrapping Spring Data Redis repositories in DEFAULT mode.
2026-03-30 14:35:42.843  INFO 2896 --- [main] .s.d.r.c.RepositoryConfigurationDelegate : Finished Spring Data repository scanning in 21 ms. Found 0 Redis repository interfaces.
2026-03-30 14:35:42.956  WARN 2896 --- [main] o.m.s.mapper.ClassPathMapperScanner      : Skipping MapperFactoryBean with name 'hosAppointmentOrderMapper' and 'com.hospital.mapper.HosAppointmentOrderMapper' mapperInterface. Bean already defined with the same name!
2026-03-30 14:35:42.956  WARN 2896 --- [main] o.m.s.mapper.ClassPathMapperScanner      : Skipping MapperFactoryBean with name 'hosDepartmentMapper' and 'com.hospital.mapper.HosDepartmentMapper' mapperInterface. Bean already defined with the same name!
2026-03-30 14:35:42.956  WARN 2896 --- [main] o.m.s.mapper.ClassPathMapperScanner      : Skipping MapperFactoryBean with name 'hosDoctorMapper' and 'com.hospital.mapper.HosDoctorMapper' mapperInterface. Bean already defined with the same name!
2026-03-30 14:35:42.956  WARN 2896 --- [main] o.m.s.mapper.ClassPathMapperScanner      : Skipping MapperFactoryBean with name 'hosNumberSourceMapper' and 'com.hospital.mapper.HosNumberSourceMapper' mapperInterface. Bean already defined with the same name!
2026-03-30 14:35:42.956  WARN 2896 --- [main] o.m.s.mapper.ClassPathMapperScanner      : Skipping MapperFactoryBean with name 'hosScheduleMapper' and 'com.hospital.mapper.HosScheduleMapper' mapperInterface. Bean already defined with the same name!
2026-03-30 14:35:42.956  WARN 2896 --- [main] o.m.s.mapper.ClassPathMapperScanner      : Skipping MapperFactoryBean with name 'sysRoleMapper' and 'com.hospital.mapper.SysRoleMapper' mapperInterface. Bean already defined with the same name!
2026-03-30 14:35:42.956  WARN 2896 --- [main] o.m.s.mapper.ClassPathMapperScanner      : Skipping MapperFactoryBean with name 'sysUserMapper' and 'com.hospital.mapper.SysUserMapper' mapperInterface. Bean already defined with the same name!
2026-03-30 14:35:42.956  WARN 2896 --- [main] o.m.s.mapper.ClassPathMapperScanner      : Skipping MapperFactoryBean with name 'sysUserRoleMapper' and 'com.hospital.mapper.SysUserRoleMapper' mapperInterface. Bean already defined with the same name!
2026-03-30 14:35:42.956  WARN 2896 --- [main] o.m.s.mapper.ClassPathMapperScanner      : No MyBatis mapper was found in '[com.hospital.mapper]' package. Please check your configuration.
2026-03-30 14:35:43.371  INFO 2896 --- [main] o.s.b.w.embedded.tomcat.TomcatWebServer  : Tomcat initialized with port(s): 8080 (http)
2026-03-30 14:35:43.375  INFO 2896 --- [main] o.apache.catalina.core.StandardService   : Starting service [Tomcat]
2026-03-30 14:35:43.376  INFO 2896 --- [main] org.apache.catalina.core.StandardEngine  : Starting Servlet engine: [Apache Tomcat/9.0.83]
2026-03-30 14:35:43.505  INFO 2896 --- [main] o.a.c.c.C.[Tomcat].[localhost].[/api]    : Initializing Spring embedded WebApplicationContext
2026-03-30 14:35:43.505  INFO 2896 --- [main] w.s.c.ServletWebServerApplicationContext : Root WebApplicationContext: initialization completed in 1497 ms
2026-03-30 14:35:43.614  INFO 2896 --- [main] c.a.d.s.b.a.DruidDataSourceAutoConfigure : Init DruidDataSource
2026-03-30 14:35:43.891  INFO 2896 --- [main] com.alibaba.druid.pool.DruidDataSource   : {dataSource-1} inited
2026-03-30 14:35:44.625 DEBUG 2896 --- [main] c.h.security.JwtAuthenticationFilter     : Filter 'jwtAuthenticationFilter' configured for use
2026-03-30 14:35:45.094  INFO 2896 --- [main] o.s.s.web.DefaultSecurityFilterChain     : Will secure any request with [org.springframework.security.web.session.DisableEncodeUrlFilter@251a90ce, org.springframework.security.web.context.request.async.WebAsyncManagerIntegrationFilter@4c4c7d6c, org.springframework.security.web.context.SecurityContextPersistenceFilter@5763a655, org.springframework.security.web.header.HeaderWriterFilter@565d7d2f, org.springframework.security.web.authentication.logout.LogoutFilter@ceb7701, com.hospital.security.JwtAuthenticationFilter@1bedc703, org.springframework.security.web.savedrequest.RequestCacheAwareFilter@46bb0bdf, org.springframework.security.web.servletapi.SecurityContextHolderAwareRequestFilter@723742b2, org.springframework.security.web.authentication.AnonymousAuthenticationFilter@7f0766ef, org.springframework.security.web.session.SessionManagementFilter@78c74647, org.springframework.security.web.access.ExceptionTranslationFilter@3079c26a, org.springframework.security.web.access.intercept.FilterSecurityInterceptor@67c6f4d8]
2026-03-30 14:35:45.916  INFO 2896 --- [main] o.s.b.w.embedded.tomcat.TomcatWebServer  : Tomcat started on port(s): 8080 (http) with context path '/api'
2026-03-30 14:35:46.158  INFO 2896 --- [main] com.hospital.HospitalApplication         : Started HospitalApplication in 4.5 seconds (JVM running for 5.413)
2026-03-30 14:35:46.339  INFO 2896 --- [main] com.hospital.config.PasswordInitializer  : 管理员密码已重置为: 123456
2026-03-30 14:35:46.339  INFO 2896 --- [main] com.hospital.config.PasswordInitializer  : 加密后的密码: $2a$10$ycyucZfAU7ZkspZlOVtV1eH31r1vvstIsshOPtmPJV0umR2ioqBxa
2026-03-30 14:35:55.397  INFO 2896 --- [http-nio-8080-exec-1] o.a.c.c.C.[Tomcat].[localhost].[/api]    : Initializing Spring DispatcherServlet 'dispatcherServlet'
2026-03-30 14:35:55.397  INFO 2896 --- [http-nio-8080-exec-1] o.s.web.servlet.DispatcherServlet        : Initializing Servlet 'dispatcherServlet'
2026-03-30 14:35:55.400  INFO 2896 --- [http-nio-8080-exec-1] o.s.web.servlet.DispatcherServlet        : Completed initialization in 3 ms
2026-03-30 14:35:55.998  INFO 2896 --- [http-nio-8080-exec-2] c.hospital.service.impl.AuthServiceImpl  : 用户登录成功: admin
2026-03-30 14:44:48.615  INFO 2896 --- [SpringApplicationShutdownHook] com.alibaba.druid.pool.DruidDataSource   : {dataSource-1} closing ...
2026-03-30 14:44:48.620  INFO 2896 --- [SpringApplicationShutdownHook] com.alibaba.druid.pool.DruidDataSource   : {dataSource-1} closed
